<?xml version="1.0" encoding="UTF-8"?>
<!-- Generated by org.testng.reporters.JUnitReportReporter -->
<testsuite hostname="DESKTOP-FQIHLPS" failures="0" tests="1" name="com.actitime.testscripts.Tasks" time="61.957" errors="0" timestamp="2023-09-12T10:25:44 IST" skipped="0">
  <testcase classname="com.actitime.testscripts.Tasks" name="testTasks" time="61.957">
    <system-out>
      <![CDATA[testTasks]]>
    </system-out>
  </testcase> <!-- testTasks -->
  <system-out>
    <![CDATA[openBrowser
login
testTasks
logout
closeBrowser]]>
  </system-out>
</testsuite> <!-- com.actitime.testscripts.Tasks -->
