<?xml version="1.0" encoding="UTF-8"?>
<!-- Generated by org.testng.reporters.JUnitReportReporter -->
<testsuite hostname="DESKTOP-FQIHLPS" failures="0" tests="1" name="com.actitime.testscripts.CreateCustomer" time="33.049" errors="0" timestamp="2023-09-13T09:52:03 IST" skipped="0">
  <testcase classname="com.actitime.testscripts.CreateCustomer" name="testCreateCustomer" time="33.049">
    <system-out>
      <![CDATA[testTasks]]>
    </system-out>
  </testcase> <!-- testCreateCustomer -->
  <system-out>
    <![CDATA[openBrowser
login
testTasks
logout
closeBrowser]]>
  </system-out>
</testsuite> <!-- com.actitime.testscripts.CreateCustomer -->
