<?xml version="1.0" encoding="UTF-8"?>
<!-- Generated by org.testng.reporters.JUnitReportReporter -->
<testsuite hostname="DESKTOP-FQIHLPS" failures="0" tests="1" name="com.actitime.testscripts.CustomerModule" time="15.323" errors="0" timestamp="2023-09-08T21:29:49 IST" skipped="0">
  <testcase classname="com.actitime.testscripts.CustomerModule" name="testcreateCustomer" time="15.323">
    <system-out>
      <![CDATA[createCustomer]]>
    </system-out>
  </testcase> <!-- testcreateCustomer -->
  <system-out>
    <![CDATA[openBrowser
login
createCustomer
logout
closeBrowser]]>
  </system-out>
</testsuite> <!-- com.actitime.testscripts.CustomerModule -->
